  Main.cpp
C:\Users\faust\Downloads\doodle-jump\repozic1\Sources\Main.cpp(70,39): warning C4244: 'argument': conversion from 'int' to 'T', possible loss of data
          with
          [
              T=float
          ]
C:\Users\faust\Downloads\doodle-jump\repozic1\Sources\Main.cpp(70,33): warning C4244: 'argument': conversion from 'int' to 'T', possible loss of data
          with
          [
              T=float
          ]
C:\Users\faust\Downloads\doodle-jump\repozic1\Sources\Main.cpp(73,41): warning C4244: 'argument': conversion from 'int' to 'T', possible loss of data
          with
          [
              T=float
          ]
C:\Users\faust\Downloads\doodle-jump\repozic1\Sources\Main.cpp(73,35): warning C4244: 'argument': conversion from 'int' to 'T', possible loss of data
          with
          [
              T=float
          ]
  doodle.vcxproj -> C:\Users\faust\Downloads\doodle-jump\repozic1\Debug\doodle.exe
